c:\users\tpnsc\source\repos\cuda\ant\x64\debug\ant.ilk
c:\users\tpnsc\source\repos\cuda\ant\x64\debug\ant.exe
c:\users\tpnsc\source\repos\cuda\ant\x64\debug\ant.pdb
c:\users\tpnsc\source\repos\cuda\ant\ant\x64\debug\ant.cu.cache
c:\users\tpnsc\source\repos\cuda\ant\ant\x64\debug\blockutils.cu.cache
c:\users\tpnsc\source\repos\cuda\ant\ant\x64\debug\ply.cu.cache
c:\users\tpnsc\source\repos\cuda\ant\ant\x64\debug\rando.cu.cache
c:\users\tpnsc\source\repos\cuda\ant\ant\x64\debug\randply.cu.cache
c:\users\tpnsc\source\repos\cuda\ant\ant\x64\debug\texply.cu.cache
c:\users\tpnsc\source\repos\cuda\ant\ant\x64\debug\texutils.cu.cache
c:\users\tpnsc\source\repos\cuda\ant\ant\x64\debug\utils.cu.cache
c:\users\tpnsc\source\repos\cuda\ant\ant\x64\debug\ant.cu.obj
c:\users\tpnsc\source\repos\cuda\ant\ant\x64\debug\blockutils.cu.obj
c:\users\tpnsc\source\repos\cuda\ant\ant\x64\debug\ply.cu.obj
c:\users\tpnsc\source\repos\cuda\ant\ant\x64\debug\rando.cu.obj
c:\users\tpnsc\source\repos\cuda\ant\ant\x64\debug\randply.cu.obj
c:\users\tpnsc\source\repos\cuda\ant\ant\x64\debug\texply.cu.obj
c:\users\tpnsc\source\repos\cuda\ant\ant\x64\debug\texutils.cu.obj
c:\users\tpnsc\source\repos\cuda\ant\ant\x64\debug\utils.cu.obj
c:\users\tpnsc\source\repos\cuda\ant\ant\x64\debug\ant.tlog\link.command.1.tlog
c:\users\tpnsc\source\repos\cuda\ant\ant\x64\debug\ant.tlog\link.read.1.tlog
c:\users\tpnsc\source\repos\cuda\ant\ant\x64\debug\ant.tlog\link.write.1.tlog
