  
  C:\Users\Tom\source\repos\CUDA\Cricket\Cricket>"C:\Program Files\NVIDIA GPU Computing Toolkit\CUDA\v9.0\bin\nvcc.exe" -ccbin "C:\Program Files (x86)\Microsoft Visual Studio\2017\Community\VC\Tools\MSVC\14.11.25503\bin\HostX86\x64" -x cu  -I"C:\ProgramData\NVIDIA Corporation\CUDA Samples\v9.0\common\inc" -I"C:\Program Files\NVIDIA GPU Computing Toolkit\CUDA\v9.0\include" -I"C:\Program Files\NVIDIA GPU Computing Toolkit\CUDA\v9.0\include"  -G   --keep-dir x64\Debug -maxrregcount=0  --machine 64 --compile   -g   -DWIN32 -DWIN64 -D_DEBUG -D_CONSOLE -D_MBCS -Xcompiler "/EHsc /W3 /nologo /Od /FS /Zi /RTC1 /MDd " -o x64\Debug\BlockUtils.cu.obj "C:\Users\Tom\source\repos\CUDA\Cricket\Cricket\BlockUtils.cu" -clean 
  BlockUtils.cu
  
  C:\Users\Tom\source\repos\CUDA\Cricket\Cricket>"C:\Program Files\NVIDIA GPU Computing Toolkit\CUDA\v9.0\bin\nvcc.exe" -ccbin "C:\Program Files (x86)\Microsoft Visual Studio\2017\Community\VC\Tools\MSVC\14.11.25503\bin\HostX86\x64" -x cu  -I"C:\ProgramData\NVIDIA Corporation\CUDA Samples\v9.0\common\inc" -I"C:\Program Files\NVIDIA GPU Computing Toolkit\CUDA\v9.0\include" -I"C:\Program Files\NVIDIA GPU Computing Toolkit\CUDA\v9.0\include"  -G   --keep-dir x64\Debug -maxrregcount=0  --machine 64 --compile   -g   -DWIN32 -DWIN64 -D_DEBUG -D_CONSOLE -D_MBCS -Xcompiler "/EHsc /W3 /nologo /Od /FS /Zi /RTC1 /MDd " -o x64\Debug\Cricket.cu.obj "C:\Users\Tom\source\repos\CUDA\Cricket\Cricket\Cricket.cu" -clean 
  Cricket.cu
  
  C:\Users\Tom\source\repos\CUDA\Cricket\Cricket>"C:\Program Files\NVIDIA GPU Computing Toolkit\CUDA\v9.0\bin\nvcc.exe" -ccbin "C:\Program Files (x86)\Microsoft Visual Studio\2017\Community\VC\Tools\MSVC\14.11.25503\bin\HostX86\x64" -x cu  -I"C:\ProgramData\NVIDIA Corporation\CUDA Samples\v9.0\common\inc" -I"C:\Program Files\NVIDIA GPU Computing Toolkit\CUDA\v9.0\include" -I"C:\Program Files\NVIDIA GPU Computing Toolkit\CUDA\v9.0\include"  -G   --keep-dir x64\Debug -maxrregcount=0  --machine 64 --compile   -g   -DWIN32 -DWIN64 -D_DEBUG -D_CONSOLE -D_MBCS -Xcompiler "/EHsc /W3 /nologo /Od /FS /Zi /RTC1 /MDd " -o x64\Debug\GridPlot.cu.obj "C:\Users\Tom\source\repos\CUDA\Cricket\Cricket\GridPlot.cu" -clean 
  GridPlot.cu
  
  C:\Users\Tom\source\repos\CUDA\Cricket\Cricket>"C:\Program Files\NVIDIA GPU Computing Toolkit\CUDA\v9.0\bin\nvcc.exe" -ccbin "C:\Program Files (x86)\Microsoft Visual Studio\2017\Community\VC\Tools\MSVC\14.11.25503\bin\HostX86\x64" -x cu  -I"C:\ProgramData\NVIDIA Corporation\CUDA Samples\v9.0\common\inc" -I"C:\Program Files\NVIDIA GPU Computing Toolkit\CUDA\v9.0\include" -I"C:\Program Files\NVIDIA GPU Computing Toolkit\CUDA\v9.0\include"  -G   --keep-dir x64\Debug -maxrregcount=0  --machine 64 --compile   -g   -DWIN32 -DWIN64 -D_DEBUG -D_CONSOLE -D_MBCS -Xcompiler "/EHsc /W3 /nologo /Od /FS /Zi /RTC1 /MDd " -o x64\Debug\KbLoop.cu.obj "C:\Users\Tom\source\repos\CUDA\Cricket\Cricket\KbLoop.cu" -clean 
  KbLoop.cu
  
  C:\Users\Tom\source\repos\CUDA\Cricket\Cricket>"C:\Program Files\NVIDIA GPU Computing Toolkit\CUDA\v9.0\bin\nvcc.exe" -ccbin "C:\Program Files (x86)\Microsoft Visual Studio\2017\Community\VC\Tools\MSVC\14.11.25503\bin\HostX86\x64" -x cu  -I"C:\ProgramData\NVIDIA Corporation\CUDA Samples\v9.0\common\inc" -I"C:\Program Files\NVIDIA GPU Computing Toolkit\CUDA\v9.0\include" -I"C:\Program Files\NVIDIA GPU Computing Toolkit\CUDA\v9.0\include"  -G   --keep-dir x64\Debug -maxrregcount=0  --machine 64 --compile   -g   -DWIN32 -DWIN64 -D_DEBUG -D_CONSOLE -D_MBCS -Xcompiler "/EHsc /W3 /nologo /Od /FS /Zi /RTC1 /MDd " -o x64\Debug\PlyBlock.cu.obj "C:\Users\Tom\source\repos\CUDA\Cricket\Cricket\PlyBlock.cu" -clean 
  PlyBlock.cu
  
  C:\Users\Tom\source\repos\CUDA\Cricket\Cricket>"C:\Program Files\NVIDIA GPU Computing Toolkit\CUDA\v9.0\bin\nvcc.exe" -ccbin "C:\Program Files (x86)\Microsoft Visual Studio\2017\Community\VC\Tools\MSVC\14.11.25503\bin\HostX86\x64" -x cu  -I"C:\ProgramData\NVIDIA Corporation\CUDA Samples\v9.0\common\inc" -I"C:\Program Files\NVIDIA GPU Computing Toolkit\CUDA\v9.0\include" -I"C:\Program Files\NVIDIA GPU Computing Toolkit\CUDA\v9.0\include"  -G   --keep-dir x64\Debug -maxrregcount=0  --machine 64 --compile   -g   -DWIN32 -DWIN64 -D_DEBUG -D_CONSOLE -D_MBCS -Xcompiler "/EHsc /W3 /nologo /Od /FS /Zi /RTC1 /MDd " -o x64\Debug\Rando.cu.obj "C:\Users\Tom\source\repos\CUDA\Cricket\Cricket\Rando.cu" -clean 
  Rando.cu
  
  C:\Users\Tom\source\repos\CUDA\Cricket\Cricket>"C:\Program Files\NVIDIA GPU Computing Toolkit\CUDA\v9.0\bin\nvcc.exe" -ccbin "C:\Program Files (x86)\Microsoft Visual Studio\2017\Community\VC\Tools\MSVC\14.11.25503\bin\HostX86\x64" -x cu  -I"C:\ProgramData\NVIDIA Corporation\CUDA Samples\v9.0\common\inc" -I"C:\Program Files\NVIDIA GPU Computing Toolkit\CUDA\v9.0\include" -I"C:\Program Files\NVIDIA GPU Computing Toolkit\CUDA\v9.0\include"  -G   --keep-dir x64\Debug -maxrregcount=0  --machine 64 --compile   -g   -DWIN32 -DWIN64 -D_DEBUG -D_CONSOLE -D_MBCS -Xcompiler "/EHsc /W3 /nologo /Od /FS /Zi /RTC1 /MDd " -o x64\Debug\TexUtils.cu.obj "C:\Users\Tom\source\repos\CUDA\Cricket\Cricket\TexUtils.cu" -clean 
  TexUtils.cu
  
  C:\Users\Tom\source\repos\CUDA\Cricket\Cricket>"C:\Program Files\NVIDIA GPU Computing Toolkit\CUDA\v9.0\bin\nvcc.exe" -ccbin "C:\Program Files (x86)\Microsoft Visual Studio\2017\Community\VC\Tools\MSVC\14.11.25503\bin\HostX86\x64" -x cu  -I"C:\ProgramData\NVIDIA Corporation\CUDA Samples\v9.0\common\inc" -I"C:\Program Files\NVIDIA GPU Computing Toolkit\CUDA\v9.0\include" -I"C:\Program Files\NVIDIA GPU Computing Toolkit\CUDA\v9.0\include"  -G   --keep-dir x64\Debug -maxrregcount=0  --machine 64 --compile   -g   -DWIN32 -DWIN64 -D_DEBUG -D_CONSOLE -D_MBCS -Xcompiler "/EHsc /W3 /nologo /Od /FS /Zi /RTC1 /MDd " -o x64\Debug\Utils.cu.obj "C:\Users\Tom\source\repos\CUDA\Cricket\Cricket\Utils.cu" -clean 
  Utils.cu
  Compiling CUDA source file BlockUtils.cu...
  Compiling CUDA source file Cricket.cu...
  
  C:\Users\Tom\source\repos\CUDA\Cricket\Cricket>"C:\Program Files\NVIDIA GPU Computing Toolkit\CUDA\v9.0\bin\nvcc.exe" -gencode=arch=compute_30,code=\"sm_30,compute_30\" --use-local-env --cl-version 2017 -ccbin "C:\Program Files (x86)\Microsoft Visual Studio\2017\Community\VC\Tools\MSVC\14.11.25503\bin\HostX86\x64" -x cu  -I"C:\ProgramData\NVIDIA Corporation\CUDA Samples\v9.0\common\inc" -I"C:\Program Files\NVIDIA GPU Computing Toolkit\CUDA\v9.0\include" -I"C:\Program Files\NVIDIA GPU Computing Toolkit\CUDA\v9.0\include"  -G   --keep-dir x64\Debug -maxrregcount=0  --machine 64 --compile -cudart static  -g   -DWIN32 -DWIN64 -D_DEBUG -D_CONSOLE -D_MBCS -Xcompiler "/EHsc /W3 /nologo /Od /FS /Zi /RTC1 /MDd " -o x64\Debug\BlockUtils.cu.obj "C:\Users\Tom\source\repos\CUDA\Cricket\Cricket\BlockUtils.cu" 
  
  C:\Users\Tom\source\repos\CUDA\Cricket\Cricket>"C:\Program Files\NVIDIA GPU Computing Toolkit\CUDA\v9.0\bin\nvcc.exe" -gencode=arch=compute_30,code=\"sm_30,compute_30\" --use-local-env --cl-version 2017 -ccbin "C:\Program Files (x86)\Microsoft Visual Studio\2017\Community\VC\Tools\MSVC\14.11.25503\bin\HostX86\x64" -x cu  -I"C:\ProgramData\NVIDIA Corporation\CUDA Samples\v9.0\common\inc" -I"C:\Program Files\NVIDIA GPU Computing Toolkit\CUDA\v9.0\include" -I"C:\Program Files\NVIDIA GPU Computing Toolkit\CUDA\v9.0\include"  -G   --keep-dir x64\Debug -maxrregcount=0  --machine 64 --compile -cudart static  -g   -DWIN32 -DWIN64 -D_DEBUG -D_CONSOLE -D_MBCS -Xcompiler "/EHsc /W3 /nologo /Od /FS /Zi /RTC1 /MDd " -o x64\Debug\Cricket.cu.obj "C:\Users\Tom\source\repos\CUDA\Cricket\Cricket\Cricket.cu" 
  Compiling CUDA source file KbLoop.cu...
  Compiling CUDA source file TexUtils.cu...
  Compiling CUDA source file Rando.cu...
  Compiling CUDA source file PlyBlock.cu...
  Compiling CUDA source file GridPlot.cu...
  Compiling CUDA source file Utils.cu...
  
  C:\Users\Tom\source\repos\CUDA\Cricket\Cricket>"C:\Program Files\NVIDIA GPU Computing Toolkit\CUDA\v9.0\bin\nvcc.exe" -gencode=arch=compute_30,code=\"sm_30,compute_30\" --use-local-env --cl-version 2017 -ccbin "C:\Program Files (x86)\Microsoft Visual Studio\2017\Community\VC\Tools\MSVC\14.11.25503\bin\HostX86\x64" -x cu  -I"C:\ProgramData\NVIDIA Corporation\CUDA Samples\v9.0\common\inc" -I"C:\Program Files\NVIDIA GPU Computing Toolkit\CUDA\v9.0\include" -I"C:\Program Files\NVIDIA GPU Computing Toolkit\CUDA\v9.0\include"  -G   --keep-dir x64\Debug -maxrregcount=0  --machine 64 --compile -cudart static  -g   -DWIN32 -DWIN64 -D_DEBUG -D_CONSOLE -D_MBCS -Xcompiler "/EHsc /W3 /nologo /Od /FS /Zi /RTC1 /MDd " -o x64\Debug\TexUtils.cu.obj "C:\Users\Tom\source\repos\CUDA\Cricket\Cricket\TexUtils.cu" 
  
  
  C:\Users\Tom\source\repos\CUDA\Cricket\Cricket>"C:\Program Files\NVIDIA GPU Computing Toolkit\CUDA\v9.0\bin\nvcc.exe" -gencode=arch=compute_30,code=\"sm_30,compute_30\" --use-local-env --cl-version 2017 -ccbin "C:\Program Files (x86)\Microsoft Visual Studio\2017\Community\VC\Tools\MSVC\14.11.25503\bin\HostX86\x64" -x cu  -I"C:\ProgramData\NVIDIA Corporation\CUDA Samples\v9.0\common\inc" -I"C:\Program Files\NVIDIA GPU Computing Toolkit\CUDA\v9.0\include" -I"C:\Program Files\NVIDIA GPU Computing Toolkit\CUDA\v9.0\include"  -G   --keep-dir x64\Debug -maxrregcount=0  --machine 64 --compile -cudart static  -g   -DWIN32 -DWIN64 -D_DEBUG -D_CONSOLE -D_MBCS -Xcompiler "/EHsc /W3 /nologo /Od /FS /Zi /RTC1 /MDd " -o x64\Debug\Rando.cu.obj "C:\Users\Tom\source\repos\CUDA\Cricket\Cricket\Rando.cu" 
  C:\Users\Tom\source\repos\CUDA\Cricket\Cricket>"C:\Program Files\NVIDIA GPU Computing Toolkit\CUDA\v9.0\bin\nvcc.exe" -gencode=arch=compute_30,code=\"sm_30,compute_30\" --use-local-env --cl-version 2017 -ccbin "C:\Program Files (x86)\Microsoft Visual Studio\2017\Community\VC\Tools\MSVC\14.11.25503\bin\HostX86\x64" -x cu  -I"C:\ProgramData\NVIDIA Corporation\CUDA Samples\v9.0\common\inc" -I"C:\Program Files\NVIDIA GPU Computing Toolkit\CUDA\v9.0\include" -I"C:\Program Files\NVIDIA GPU Computing Toolkit\CUDA\v9.0\include"  -G   --keep-dir x64\Debug -maxrregcount=0  --machine 64 --compile -cudart static  -g   -DWIN32 -DWIN64 -D_DEBUG -D_CONSOLE -D_MBCS -Xcompiler "/EHsc /W3 /nologo /Od /FS /Zi /RTC1 /MDd " -o x64\Debug\PlyBlock.cu.obj "C:\Users\Tom\source\repos\CUDA\Cricket\Cricket\PlyBlock.cu" 
  
  C:\Users\Tom\source\repos\CUDA\Cricket\Cricket>"C:\Program Files\NVIDIA GPU Computing Toolkit\CUDA\v9.0\bin\nvcc.exe" -gencode=arch=compute_30,code=\"sm_30,compute_30\" --use-local-env --cl-version 2017 -ccbin "C:\Program Files (x86)\Microsoft Visual Studio\2017\Community\VC\Tools\MSVC\14.11.25503\bin\HostX86\x64" -x cu  -I"C:\ProgramData\NVIDIA Corporation\CUDA Samples\v9.0\common\inc" -I"C:\Program Files\NVIDIA GPU Computing Toolkit\CUDA\v9.0\include" -I"C:\Program Files\NVIDIA GPU Computing Toolkit\CUDA\v9.0\include"  -G   --keep-dir x64\Debug -maxrregcount=0  --machine 64 --compile -cudart static  -g   -DWIN32 -DWIN64 -D_DEBUG -D_CONSOLE -D_MBCS -Xcompiler "/EHsc /W3 /nologo /Od /FS /Zi /RTC1 /MDd " -o x64\Debug\KbLoop.cu.obj "C:\Users\Tom\source\repos\CUDA\Cricket\Cricket\KbLoop.cu" 
  
  C:\Users\Tom\source\repos\CUDA\Cricket\Cricket>"C:\Program Files\NVIDIA GPU Computing Toolkit\CUDA\v9.0\bin\nvcc.exe" -gencode=arch=compute_30,code=\"sm_30,compute_30\" --use-local-env --cl-version 2017 -ccbin "C:\Program Files (x86)\Microsoft Visual Studio\2017\Community\VC\Tools\MSVC\14.11.25503\bin\HostX86\x64" -x cu  -I"C:\ProgramData\NVIDIA Corporation\CUDA Samples\v9.0\common\inc" -I"C:\Program Files\NVIDIA GPU Computing Toolkit\CUDA\v9.0\include" -I"C:\Program Files\NVIDIA GPU Computing Toolkit\CUDA\v9.0\include"  -G   --keep-dir x64\Debug -maxrregcount=0  --machine 64 --compile -cudart static  -g   -DWIN32 -DWIN64 -D_DEBUG -D_CONSOLE -D_MBCS -Xcompiler "/EHsc /W3 /nologo /Od /FS /Zi /RTC1 /MDd " -o x64\Debug\GridPlot.cu.obj "C:\Users\Tom\source\repos\CUDA\Cricket\Cricket\GridPlot.cu" 
  
  C:\Users\Tom\source\repos\CUDA\Cricket\Cricket>"C:\Program Files\NVIDIA GPU Computing Toolkit\CUDA\v9.0\bin\nvcc.exe" -gencode=arch=compute_30,code=\"sm_30,compute_30\" --use-local-env --cl-version 2017 -ccbin "C:\Program Files (x86)\Microsoft Visual Studio\2017\Community\VC\Tools\MSVC\14.11.25503\bin\HostX86\x64" -x cu  -I"C:\ProgramData\NVIDIA Corporation\CUDA Samples\v9.0\common\inc" -I"C:\Program Files\NVIDIA GPU Computing Toolkit\CUDA\v9.0\include" -I"C:\Program Files\NVIDIA GPU Computing Toolkit\CUDA\v9.0\include"  -G   --keep-dir x64\Debug -maxrregcount=0  --machine 64 --compile -cudart static  -g   -DWIN32 -DWIN64 -D_DEBUG -D_CONSOLE -D_MBCS -Xcompiler "/EHsc /W3 /nologo /Od /FS /Zi /RTC1 /MDd " -o x64\Debug\Utils.cu.obj "C:\Users\Tom\source\repos\CUDA\Cricket\Cricket\Utils.cu" 
C:/Users/Tom/source/repos/CUDA/Cricket/Cricket/KbLoop.cu(11): warning C4067: unexpected tokens following preprocessor directive - expected a newline
c:\users\tom\source\repos\cuda\cricket\cricket\cpu_anim2.h(99): warning : conversion from a string literal to "char *" is deprecated
C:/Users/Tom/source/repos/CUDA/Cricket/Cricket/Cricket.cu(143): warning : conversion from a string literal to "char *" is deprecated
C:/Users/Tom/source/repos/CUDA/Cricket/Cricket/Cricket.cu(144): warning : conversion from a string literal to "char *" is deprecated
C:/Users/Tom/source/repos/CUDA/Cricket/Cricket/Cricket.cu(165): warning : variable "host_rands" was declared but never referenced
  BlockUtils.cu
c:\users\tom\source\repos\cuda\cricket\cricket\cpu_anim2.h(99): warning : conversion from a string literal to "char *" is deprecated
C:/Users/Tom/source/repos/CUDA/Cricket/Cricket/GridPlot.cu(85): warning : variable "l" was declared but never referenced
C:/Users/Tom/source/repos/CUDA/Cricket/Cricket/GridPlot.cu(145): warning : variable "appBlock" was declared but never referenced
  TexUtils.cu
  PlyBlock.cu
C:/Users/Tom/source/repos/CUDA/Cricket/Cricket/KbLoop.cu(11): warning C4067: unexpected tokens following preprocessor directive - expected a newline
c:\users\tom\source\repos\cuda\cricket\cricket\cpu_anim2.h(99): warning : conversion from a string literal to "char *" is deprecated
C:/Users/Tom/source/repos/CUDA/Cricket/Cricket/Cricket.cu(143): warning : conversion from a string literal to "char *" is deprecated
C:/Users/Tom/source/repos/CUDA/Cricket/Cricket/Cricket.cu(144): warning : conversion from a string literal to "char *" is deprecated
C:/Users/Tom/source/repos/CUDA/Cricket/Cricket/Cricket.cu(165): warning : variable "host_rands" was declared but never referenced
c:\users\tom\source\repos\cuda\cricket\cricket\cpu_anim2.h(99): warning : conversion from a string literal to "char *" is deprecated
C:/Users/Tom/source/repos/CUDA/Cricket/Cricket/GridPlot.cu(85): warning : variable "l" was declared but never referenced
C:/Users/Tom/source/repos/CUDA/Cricket/Cricket/GridPlot.cu(145): warning : variable "appBlock" was declared but never referenced
  Utils.cu
  Cricket.cu
  Rando.cu
  KbLoop.cu
  GridPlot.cu
  Note: including lib: glut32.lib
  
c:\users\tom\source\repos\cuda\cricket\cricket\cpu_anim2.h(80): warning C4267: 'initializing': conversion from 'size_t' to 'int', possible loss of data
C:/Users/Tom/source/repos/CUDA/Cricket/Cricket/Cricket.cu(165): warning C4101: 'host_rands': unreferenced local variable
  Note: including lib: glut32.lib
  
c:\users\tom\source\repos\cuda\cricket\cricket\cpu_anim2.h(80): warning C4267: 'initializing': conversion from 'size_t' to 'int', possible loss of data
C:/Users/Tom/source/repos/CUDA/Cricket/Cricket/GridPlot.cu(112): warning C4838: conversion from 'double' to 'float' requires a narrowing conversion
  Cricket.vcxproj -> C:\Users\Tom\source\repos\CUDA\Cricket\x64\Debug\Cricket.exe
  copy "C:\Program Files\NVIDIA GPU Computing Toolkit\CUDA\v9.0\bin\cudart*.dll" "C:\Users\Tom\source\repos\CUDA\Cricket\x64\Debug\"
  C:\Program Files\NVIDIA GPU Computing Toolkit\CUDA\v9.0\bin\cudart32_90.dll
  C:\Program Files\NVIDIA GPU Computing Toolkit\CUDA\v9.0\bin\cudart64_90.dll
          2 file(s) copied.
