  
  C:\Users\Tom\source\repos\CUDA\GridAndBlockDim\Rando>"C:\Program Files\NVIDIA GPU Computing Toolkit\CUDA\v9.0\bin\nvcc.exe" -ccbin "C:\Program Files (x86)\Microsoft Visual Studio\2017\Community\VC\Tools\MSVC\14.11.25503\bin\HostX86\x64" -x cu  -I"C:\Program Files\NVIDIA GPU Computing Toolkit\CUDA\v9.0\include" -I"C:\Program Files\NVIDIA GPU Computing Toolkit\CUDA\v9.0\include"  -G   --keep-dir x64\Debug -maxrregcount=0  --machine 64 --compile   -g   -DWIN32 -DWIN64 -D_DEBUG -D_CONSOLE -D_MBCS -Xcompiler "/EHsc /W3 /nologo /Od /FS /Zi /RTC1 /MDd " -o x64\Debug\Rando.cu.obj "C:\Users\Tom\source\repos\CUDA\common\Rando.cu" -clean 
  Rando.cu
  
  C:\Users\Tom\source\repos\CUDA\GridAndBlockDim\Rando>"C:\Program Files\NVIDIA GPU Computing Toolkit\CUDA\v9.0\bin\nvcc.exe" -ccbin "C:\Program Files (x86)\Microsoft Visual Studio\2017\Community\VC\Tools\MSVC\14.11.25503\bin\HostX86\x64" -x cu  -I"C:\Program Files\NVIDIA GPU Computing Toolkit\CUDA\v9.0\include" -I"C:\Program Files\NVIDIA GPU Computing Toolkit\CUDA\v9.0\include"  -G   --keep-dir x64\Debug -maxrregcount=0  --machine 64 --compile   -g   -DWIN32 -DWIN64 -D_DEBUG -D_CONSOLE -D_MBCS -Xcompiler "/EHsc /W3 /nologo /Od /FS /Zi /RTC1 /MDd " -o x64\Debug\Start.cu.obj "C:\Users\Tom\source\repos\CUDA\GridAndBlockDim\Rando\Start.cu" -clean 
  Start.cu
  Compiling CUDA source file ..\..\common\Rando.cu...
  Compiling CUDA source file Start.cu...
  
  C:\Users\Tom\source\repos\CUDA\GridAndBlockDim\Rando>"C:\Program Files\NVIDIA GPU Computing Toolkit\CUDA\v9.0\bin\nvcc.exe" -gencode=arch=compute_30,code=\"sm_30,compute_30\" --use-local-env --cl-version 2017 -ccbin "C:\Program Files (x86)\Microsoft Visual Studio\2017\Community\VC\Tools\MSVC\14.11.25503\bin\HostX86\x64" -x cu  -I"C:\Program Files\NVIDIA GPU Computing Toolkit\CUDA\v9.0\include" -I"C:\Program Files\NVIDIA GPU Computing Toolkit\CUDA\v9.0\include"  -G   --keep-dir x64\Debug -maxrregcount=0  --machine 64 --compile -cudart static  -g   -DWIN32 -DWIN64 -D_DEBUG -D_CONSOLE -D_MBCS -Xcompiler "/EHsc /W3 /nologo /Od /FS /Zi /RTC1 /MDd " -o x64\Debug\Rando.cu.obj "C:\Users\Tom\source\repos\CUDA\common\Rando.cu" 
  
  C:\Users\Tom\source\repos\CUDA\GridAndBlockDim\Rando>"C:\Program Files\NVIDIA GPU Computing Toolkit\CUDA\v9.0\bin\nvcc.exe" -gencode=arch=compute_30,code=\"sm_30,compute_30\" --use-local-env --cl-version 2017 -ccbin "C:\Program Files (x86)\Microsoft Visual Studio\2017\Community\VC\Tools\MSVC\14.11.25503\bin\HostX86\x64" -x cu  -I"C:\Program Files\NVIDIA GPU Computing Toolkit\CUDA\v9.0\include" -I"C:\Program Files\NVIDIA GPU Computing Toolkit\CUDA\v9.0\include"  -G   --keep-dir x64\Debug -maxrregcount=0  --machine 64 --compile -cudart static  -g   -DWIN32 -DWIN64 -D_DEBUG -D_CONSOLE -D_MBCS -Xcompiler "/EHsc /W3 /nologo /Od /FS /Zi /RTC1 /MDd " -o x64\Debug\Start.cu.obj "C:\Users\Tom\source\repos\CUDA\GridAndBlockDim\Rando\Start.cu" 
C:/Users/Tom/source/repos/CUDA/common/Rando.cu(177): warning : expression has no effect
C:/Users/Tom/source/repos/CUDA/common/Rando.cu(208): warning : expression has no effect
C:/Users/Tom/source/repos/CUDA/common/Rando.cu(240): warning : expression has no effect
C:/Users/Tom/source/repos/CUDA/common/Rando.cu(270): warning : expression has no effect
C:/Users/Tom/source/repos/CUDA/GridAndBlockDim/Rando/Start.cu(29): warning : variable "frames" was declared but never referenced
C:/Users/Tom/source/repos/CUDA/GridAndBlockDim/Rando/Start.cu(33): warning : variable "cudaResult" was set but never used
C:/Users/Tom/source/repos/CUDA/GridAndBlockDim/Rando/Start.cu(36): warning : variable "host_rands" was declared but never referenced
C:/Users/Tom/source/repos/CUDA/GridAndBlockDim/Rando/Start.cu(93): warning : variable "reps" was declared but never referenced
C:/Users/Tom/source/repos/CUDA/GridAndBlockDim/Rando/Start.cu(95): warning : variable "cudaResult" was set but never used
C:/Users/Tom/source/repos/CUDA/common/Rando.cu(177): warning : expression has no effect
C:/Users/Tom/source/repos/CUDA/common/Rando.cu(208): warning : expression has no effect
C:/Users/Tom/source/repos/CUDA/common/Rando.cu(240): warning : expression has no effect
C:/Users/Tom/source/repos/CUDA/common/Rando.cu(270): warning : expression has no effect
  Rando.cu
C:/Users/Tom/source/repos/CUDA/GridAndBlockDim/Rando/Start.cu(29): warning : variable "frames" was declared but never referenced
C:/Users/Tom/source/repos/CUDA/GridAndBlockDim/Rando/Start.cu(33): warning : variable "cudaResult" was set but never used
C:/Users/Tom/source/repos/CUDA/GridAndBlockDim/Rando/Start.cu(36): warning : variable "host_rands" was declared but never referenced
C:/Users/Tom/source/repos/CUDA/GridAndBlockDim/Rando/Start.cu(93): warning : variable "reps" was declared but never referenced
C:/Users/Tom/source/repos/CUDA/GridAndBlockDim/Rando/Start.cu(95): warning : variable "cudaResult" was set but never used
  Start.cu
C:/Users/Tom/source/repos/CUDA/GridAndBlockDim/Rando/Start.cu(36): warning C4101: 'host_rands': unreferenced local variable
  DimStuff.cpp
  Rando.vcxproj -> C:\Users\Tom\source\repos\CUDA\GridAndBlockDim\x64\Debug\Rando.exe
  copy "C:\Program Files\NVIDIA GPU Computing Toolkit\CUDA\v9.0\bin\cudart*.dll" "C:\Users\Tom\source\repos\CUDA\GridAndBlockDim\x64\Debug\"
  C:\Program Files\NVIDIA GPU Computing Toolkit\CUDA\v9.0\bin\cudart32_90.dll
  C:\Program Files\NVIDIA GPU Computing Toolkit\CUDA\v9.0\bin\cudart64_90.dll
          2 file(s) copied.
