c:\users\tom\source\repos\cuda\gridandblockdim\isingo\x64\release\vc141.pdb
c:\users\tom\source\repos\cuda\gridandblockdim\isingo\x64\release\dimstuff.obj
c:\users\tom\source\repos\cuda\gridandblockdim\x64\release\isingo.ipdb
c:\users\tom\source\repos\cuda\gridandblockdim\x64\release\isingo.iobj
c:\users\tom\source\repos\cuda\gridandblockdim\x64\release\isingo.exe
c:\users\tom\source\repos\cuda\gridandblockdim\x64\release\isingo.pdb
c:\users\tom\source\repos\cuda\gridandblockdim\isingo\x64\release\bazingo.cu.cache
c:\users\tom\source\repos\cuda\gridandblockdim\isingo\x64\release\blockutils.cu.cache
c:\users\tom\source\repos\cuda\gridandblockdim\isingo\x64\release\isingo.cu.cache
c:\users\tom\source\repos\cuda\gridandblockdim\isingo\x64\release\plyblock.cu.cache
c:\users\tom\source\repos\cuda\gridandblockdim\isingo\x64\release\rando.cu.cache
c:\users\tom\source\repos\cuda\gridandblockdim\isingo\x64\release\texutils.cu.cache
c:\users\tom\source\repos\cuda\gridandblockdim\isingo\x64\release\utils.cu.cache
c:\users\tom\source\repos\cuda\gridandblockdim\isingo\x64\release\bazingo.cu.obj
c:\users\tom\source\repos\cuda\gridandblockdim\isingo\x64\release\blockutils.cu.obj
c:\users\tom\source\repos\cuda\gridandblockdim\isingo\x64\release\isingo.cu.obj
c:\users\tom\source\repos\cuda\gridandblockdim\isingo\x64\release\plyblock.cu.obj
c:\users\tom\source\repos\cuda\gridandblockdim\isingo\x64\release\rando.cu.obj
c:\users\tom\source\repos\cuda\gridandblockdim\isingo\x64\release\texutils.cu.obj
c:\users\tom\source\repos\cuda\gridandblockdim\isingo\x64\release\utils.cu.obj
c:\users\tom\source\repos\cuda\gridandblockdim\isingo\x64\release\isingo.tlog\cl.command.1.tlog
c:\users\tom\source\repos\cuda\gridandblockdim\isingo\x64\release\isingo.tlog\cl.read.1.tlog
c:\users\tom\source\repos\cuda\gridandblockdim\isingo\x64\release\isingo.tlog\cl.write.1.tlog
c:\users\tom\source\repos\cuda\gridandblockdim\isingo\x64\release\isingo.tlog\isingo.write.1u.tlog
c:\users\tom\source\repos\cuda\gridandblockdim\isingo\x64\release\isingo.tlog\link.command.1.tlog
c:\users\tom\source\repos\cuda\gridandblockdim\isingo\x64\release\isingo.tlog\link.read.1.tlog
c:\users\tom\source\repos\cuda\gridandblockdim\isingo\x64\release\isingo.tlog\link.write.1.tlog
