c:\users\tom\source\repos\cuda\gridandblockdim\isingo\x64\debug\vc141.pdb
c:\users\tom\source\repos\cuda\gridandblockdim\isingo\x64\debug\vc141.idb
c:\users\tom\source\repos\cuda\gridandblockdim\isingo\x64\debug\cudageneralfunc.obj
c:\users\tom\source\repos\cuda\gridandblockdim\isingo\x64\debug\bazingo.cu.cache
c:\users\tom\source\repos\cuda\gridandblockdim\isingo\x64\debug\blockutils.cu.cache
c:\users\tom\source\repos\cuda\gridandblockdim\isingo\x64\debug\gridplot.cu.cache
c:\users\tom\source\repos\cuda\gridandblockdim\isingo\x64\debug\isingo.cu.cache
c:\users\tom\source\repos\cuda\gridandblockdim\isingo\x64\debug\pazingo.cu.cache
c:\users\tom\source\repos\cuda\gridandblockdim\isingo\x64\debug\plyblock.cu.cache
c:\users\tom\source\repos\cuda\gridandblockdim\isingo\x64\debug\rando.cu.cache
c:\users\tom\source\repos\cuda\gridandblockdim\isingo\x64\debug\texutils.cu.cache
c:\users\tom\source\repos\cuda\gridandblockdim\isingo\x64\debug\utils.cu.cache
c:\users\tom\source\repos\cuda\gridandblockdim\isingo\x64\debug\bazingo.cu.obj
c:\users\tom\source\repos\cuda\gridandblockdim\isingo\x64\debug\blockutils.cu.obj
c:\users\tom\source\repos\cuda\gridandblockdim\isingo\x64\debug\gridplot.cu.obj
c:\users\tom\source\repos\cuda\gridandblockdim\isingo\x64\debug\isingo.cu.obj
c:\users\tom\source\repos\cuda\gridandblockdim\isingo\x64\debug\isingo.device-link.obj
c:\users\tom\source\repos\cuda\gridandblockdim\isingo\x64\debug\pazingo.cu.obj
c:\users\tom\source\repos\cuda\gridandblockdim\isingo\x64\debug\plyblock.cu.obj
c:\users\tom\source\repos\cuda\gridandblockdim\isingo\x64\debug\rando.cu.obj
c:\users\tom\source\repos\cuda\gridandblockdim\isingo\x64\debug\texutils.cu.obj
c:\users\tom\source\repos\cuda\gridandblockdim\isingo\x64\debug\utils.cu.obj
c:\users\tom\source\repos\cuda\gridandblockdim\x64\debug\isingo.pdb
c:\users\tom\source\repos\cuda\gridandblockdim\isingo\x64\debug\isingo.tlog\cl.command.1.tlog
c:\users\tom\source\repos\cuda\gridandblockdim\isingo\x64\debug\isingo.tlog\cl.read.1.tlog
c:\users\tom\source\repos\cuda\gridandblockdim\isingo\x64\debug\isingo.tlog\cl.write.1.tlog
c:\users\tom\source\repos\cuda\gridandblockdim\isingo\x64\debug\isingo.tlog\link-cvtres.read.1.tlog
c:\users\tom\source\repos\cuda\gridandblockdim\isingo\x64\debug\isingo.tlog\link-cvtres.write.1.tlog
c:\users\tom\source\repos\cuda\gridandblockdim\isingo\x64\debug\isingo.tlog\link-rc.read.1.tlog
c:\users\tom\source\repos\cuda\gridandblockdim\isingo\x64\debug\isingo.tlog\link-rc.write.1.tlog
c:\users\tom\source\repos\cuda\gridandblockdim\isingo\x64\debug\isingo.tlog\link.command.1.tlog
c:\users\tom\source\repos\cuda\gridandblockdim\isingo\x64\debug\isingo.tlog\link.read.1.tlog
c:\users\tom\source\repos\cuda\gridandblockdim\isingo\x64\debug\isingo.tlog\link.write.1.tlog
