  
  C:\Users\Tom\source\repos\CUDA\GridAndBlockDim\Isingo>"C:\Program Files\NVIDIA GPU Computing Toolkit\CUDA\v9.0\bin\nvcc.exe" -ccbin "C:\Program Files (x86)\Microsoft Visual Studio\2017\Community\VC\Tools\MSVC\14.11.25503\bin\HostX86\x64" -x cu  -I"C:\Program Files\NVIDIA GPU Computing Toolkit\CUDA\v9.0\include" -I"C:\Program Files\NVIDIA GPU Computing Toolkit\CUDA\v9.0\include"  -G   --keep-dir x64\Debug -maxrregcount=0  --machine 64 --compile   -g   -DWIN32 -DWIN64 -D_DEBUG -D_CONSOLE -D_MBCS -Xcompiler "/EHsc /W3 /nologo /Od /FS /Zi /RTC1 /MDd " -o x64\Debug\TexUtils.cu.obj "C:\Users\Tom\source\repos\CUDA\common\TexUtils.cu" -clean 
  TexUtils.cu
  
  C:\Users\Tom\source\repos\CUDA\GridAndBlockDim\Isingo>"C:\Program Files\NVIDIA GPU Computing Toolkit\CUDA\v9.0\bin\nvcc.exe" -ccbin "C:\Program Files (x86)\Microsoft Visual Studio\2017\Community\VC\Tools\MSVC\14.11.25503\bin\HostX86\x64" -x cu  -I"C:\Program Files\NVIDIA GPU Computing Toolkit\CUDA\v9.0\include" -I"C:\Program Files\NVIDIA GPU Computing Toolkit\CUDA\v9.0\include"  -G   --keep-dir x64\Debug -maxrregcount=0  --machine 64 --compile   -g   -DWIN32 -DWIN64 -D_DEBUG -D_CONSOLE -D_MBCS -Xcompiler "/EHsc /W3 /nologo /Od /FS /Zi /RTC1 /MDd " -o x64\Debug\Bazingo.cu.obj "C:\Users\Tom\source\repos\CUDA\GridAndBlockDim\Isingo\Bazingo.cu" -clean 
  Bazingo.cu
  
  C:\Users\Tom\source\repos\CUDA\GridAndBlockDim\Isingo>"C:\Program Files\NVIDIA GPU Computing Toolkit\CUDA\v9.0\bin\nvcc.exe" -ccbin "C:\Program Files (x86)\Microsoft Visual Studio\2017\Community\VC\Tools\MSVC\14.11.25503\bin\HostX86\x64" -x cu  -I"C:\Program Files\NVIDIA GPU Computing Toolkit\CUDA\v9.0\include" -I"C:\Program Files\NVIDIA GPU Computing Toolkit\CUDA\v9.0\include"  -G   --keep-dir x64\Debug -maxrregcount=0  --machine 64 --compile   -g   -DWIN32 -DWIN64 -D_DEBUG -D_CONSOLE -D_MBCS -Xcompiler "/EHsc /W3 /nologo /Od /FS /Zi /RTC1 /MDd " -o x64\Debug\Isingo.cu.obj "C:\Users\Tom\source\repos\CUDA\GridAndBlockDim\Isingo\Isingo.cu" -clean 
  Isingo.cu
  Compiling CUDA source file ..\..\common\TexUtils.cu...
  Compiling CUDA source file Bazingo.cu...
  
  C:\Users\Tom\source\repos\CUDA\GridAndBlockDim\Isingo>"C:\Program Files\NVIDIA GPU Computing Toolkit\CUDA\v9.0\bin\nvcc.exe" -gencode=arch=compute_30,code=\"sm_30,compute_30\" --use-local-env --cl-version 2017 -ccbin "C:\Program Files (x86)\Microsoft Visual Studio\2017\Community\VC\Tools\MSVC\14.11.25503\bin\HostX86\x64" -x cu  -I"C:\Program Files\NVIDIA GPU Computing Toolkit\CUDA\v9.0\include" -I"C:\Program Files\NVIDIA GPU Computing Toolkit\CUDA\v9.0\include"  -G   --keep-dir x64\Debug -maxrregcount=0  --machine 64 --compile -cudart static  -g   -DWIN32 -DWIN64 -D_DEBUG -D_CONSOLE -D_MBCS -Xcompiler "/EHsc /W3 /nologo /Od /FS /Zi /RTC1 /MDd " -o x64\Debug\TexUtils.cu.obj "C:\Users\Tom\source\repos\CUDA\common\TexUtils.cu" 
  
  C:\Users\Tom\source\repos\CUDA\GridAndBlockDim\Isingo>"C:\Program Files\NVIDIA GPU Computing Toolkit\CUDA\v9.0\bin\nvcc.exe" -gencode=arch=compute_30,code=\"sm_30,compute_30\" --use-local-env --cl-version 2017 -ccbin "C:\Program Files (x86)\Microsoft Visual Studio\2017\Community\VC\Tools\MSVC\14.11.25503\bin\HostX86\x64" -x cu  -I"C:\Program Files\NVIDIA GPU Computing Toolkit\CUDA\v9.0\include" -I"C:\Program Files\NVIDIA GPU Computing Toolkit\CUDA\v9.0\include"  -G   --keep-dir x64\Debug -maxrregcount=0  --machine 64 --compile -cudart static  -g   -DWIN32 -DWIN64 -D_DEBUG -D_CONSOLE -D_MBCS -Xcompiler "/EHsc /W3 /nologo /Od /FS /Zi /RTC1 /MDd " -o x64\Debug\Bazingo.cu.obj "C:\Users\Tom\source\repos\CUDA\GridAndBlockDim\Isingo\Bazingo.cu" 
  Compiling CUDA source file Isingo.cu...
  
  C:\Users\Tom\source\repos\CUDA\GridAndBlockDim\Isingo>"C:\Program Files\NVIDIA GPU Computing Toolkit\CUDA\v9.0\bin\nvcc.exe" -gencode=arch=compute_30,code=\"sm_30,compute_30\" --use-local-env --cl-version 2017 -ccbin "C:\Program Files (x86)\Microsoft Visual Studio\2017\Community\VC\Tools\MSVC\14.11.25503\bin\HostX86\x64" -x cu  -I"C:\Program Files\NVIDIA GPU Computing Toolkit\CUDA\v9.0\include" -I"C:\Program Files\NVIDIA GPU Computing Toolkit\CUDA\v9.0\include"  -G   --keep-dir x64\Debug -maxrregcount=0  --machine 64 --compile -cudart static  -g   -DWIN32 -DWIN64 -D_DEBUG -D_CONSOLE -D_MBCS -Xcompiler "/EHsc /W3 /nologo /Od /FS /Zi /RTC1 /MDd " -o x64\Debug\Isingo.cu.obj "C:\Users\Tom\source\repos\CUDA\GridAndBlockDim\Isingo\Isingo.cu" 
  Bazingo.cu
  TexUtils.cu
c:\users\tom\source\repos\cuda\gridandblockdim\isingo\../../common/cpu_anim.h(61): warning : conversion from a string literal to "char *" is deprecated
C:/Users/Tom/source/repos/CUDA/GridAndBlockDim/Isingo/Isingo.cu(86): warning : variable "in" was set but never used
c:\users\tom\source\repos\cuda\gridandblockdim\isingo\../../common/cpu_anim.h(61): warning : conversion from a string literal to "char *" is deprecated
C:/Users/Tom/source/repos/CUDA/GridAndBlockDim/Isingo/Isingo.cu(86): warning : variable "in" was set but never used
  Isingo.cu
  DimStuff.cpp
  Isingo.vcxproj -> C:\Users\Tom\source\repos\CUDA\GridAndBlockDim\x64\Debug\Isingo.exe
  copy "C:\Program Files\NVIDIA GPU Computing Toolkit\CUDA\v9.0\bin\cudart*.dll" "C:\Users\Tom\source\repos\CUDA\GridAndBlockDim\x64\Debug\"
  C:\Program Files\NVIDIA GPU Computing Toolkit\CUDA\v9.0\bin\cudart32_90.dll
  C:\Program Files\NVIDIA GPU Computing Toolkit\CUDA\v9.0\bin\cudart64_90.dll
          2 file(s) copied.
