c:\users\tpnsc\source\repos\cuda\ant\x64\release\ant.exe
c:\users\tpnsc\source\repos\cuda\ant\x64\release\ant.pdb
c:\users\tpnsc\source\repos\cuda\ant\ant\x64\release\ant.cu.cache
c:\users\tpnsc\source\repos\cuda\ant\ant\x64\release\blockutils.cu.cache
c:\users\tpnsc\source\repos\cuda\ant\ant\x64\release\ply.cu.cache
c:\users\tpnsc\source\repos\cuda\ant\ant\x64\release\rando.cu.cache
c:\users\tpnsc\source\repos\cuda\ant\ant\x64\release\randply.cu.cache
c:\users\tpnsc\source\repos\cuda\ant\ant\x64\release\texply.cu.cache
c:\users\tpnsc\source\repos\cuda\ant\ant\x64\release\texutils.cu.cache
c:\users\tpnsc\source\repos\cuda\ant\ant\x64\release\utils.cu.cache
c:\users\tpnsc\source\repos\cuda\ant\ant\x64\release\ant.cu.obj
c:\users\tpnsc\source\repos\cuda\ant\ant\x64\release\blockutils.cu.obj
c:\users\tpnsc\source\repos\cuda\ant\ant\x64\release\ply.cu.obj
c:\users\tpnsc\source\repos\cuda\ant\ant\x64\release\rando.cu.obj
c:\users\tpnsc\source\repos\cuda\ant\ant\x64\release\randply.cu.obj
c:\users\tpnsc\source\repos\cuda\ant\ant\x64\release\texply.cu.obj
c:\users\tpnsc\source\repos\cuda\ant\ant\x64\release\texutils.cu.obj
c:\users\tpnsc\source\repos\cuda\ant\ant\x64\release\utils.cu.obj
c:\users\tpnsc\source\repos\cuda\ant\ant\x64\release\ant.tlog\link.command.1.tlog
c:\users\tpnsc\source\repos\cuda\ant\ant\x64\release\ant.tlog\link.read.1.tlog
c:\users\tpnsc\source\repos\cuda\ant\ant\x64\release\ant.tlog\link.write.1.tlog
